This file contains any messages produced by compilers while
running configure, to aid debugging if configure makes a mistake.

It was created by configure, which was
generated by GNU Autoconf 2.69.  Invocation command line was

  $ /home/ns3/gcc/riscv-gnu-toolchain/newlib/configure --target=riscv64-unknown-elf --prefix=/home/ns3/gcc/riscv-gnu-toolchain/install-newlib-nano --enable-newlib-reent-small --disable-newlib-fvwrite-in-streamio --disable-newlib-fseek-optimization --disable-newlib-wide-orient --enable-newlib-nano-malloc --disable-newlib-unbuf-stream-opt --enable-lite-exit --enable-newlib-global-atexit --enable-newlib-nano-formatted-io --disable-newlib-supplied-syscalls --disable-nls CFLAGS_FOR_TARGET=-Os -ffunction-sections -fdata-sections    -mcmodel=medlow CXXFLAGS_FOR_TARGET=-Os -ffunction-sections -fdata-sections    -mcmodel=medlow

## --------- ##
## Platform. ##
## --------- ##

hostname = ns3-VirtualBox
uname -m = x86_64
uname -r = 6.2.0-35-generic
uname -s = Linux
uname -v = #35~22.04.1-Ubuntu SMP PREEMPT_DYNAMIC Fri Oct  6 10:23:26 UTC 2

/usr/bin/uname -p = x86_64
/bin/uname -X     = unknown

/bin/arch              = x86_64
/usr/bin/arch -k       = unknown
/usr/convex/getsysinfo = unknown
/usr/bin/hostinfo      = unknown
/bin/machine           = unknown
/usr/bin/oslevel       = unknown
/bin/universe          = unknown

PATH: /home/ns3/gcc/riscv-gnu-toolchain/scripts/wrapper/sed
PATH: /home/ns3/gcc/gcc13/bin
PATH: /home/ns3/gcc/gcc13
PATH: /usr/local/sbin
PATH: /usr/local/bin
PATH: /usr/sbin
PATH: /usr/bin
PATH: /sbin
PATH: /bin
PATH: /usr/games
PATH: /usr/local/games
PATH: /snap/bin
PATH: /snap/bin


## ----------- ##
## Core tests. ##
## ----------- ##

configure:2335: checking build system type
configure:2349: result: x86_64-pc-linux-gnu
configure:2396: checking host system type
configure:2409: result: x86_64-pc-linux-gnu
configure:2429: checking target system type
configure:2442: result: riscv64-unknown-elf
configure:2496: checking for a BSD-compatible install
configure:2564: result: /usr/bin/install -c
configure:2575: checking whether ln works
configure:2597: result: yes
configure:2601: checking whether ln -s works
configure:2605: result: yes
configure:2612: checking for a sed that does not truncate output
configure:2676: result: /usr/bin/sed
configure:2685: checking for gawk
configure:2712: result: /usr/bin/gawk
configure:4155: checking for gcc
configure:4171: found /usr/bin/gcc
configure:4182: result: gcc
configure:4411: checking for C compiler version
configure:4420: gcc --version >&5
gcc (Ubuntu 11.4.0-1ubuntu1~22.04) 11.4.0
Copyright (C) 2021 Free Software Foundation, Inc.
This is free software; see the source for copying conditions.  There is NO
warranty; not even for MERCHANTABILITY or FITNESS FOR A PARTICULAR PURPOSE.

configure:4431: $? = 0
configure:4420: gcc -v >&5
Using built-in specs.
COLLECT_GCC=gcc
COLLECT_LTO_WRAPPER=/usr/lib/gcc/x86_64-linux-gnu/11/lto-wrapper
OFFLOAD_TARGET_NAMES=nvptx-none:amdgcn-amdhsa
OFFLOAD_TARGET_DEFAULT=1
Target: x86_64-linux-gnu
Configured with: ../src/configure -v --with-pkgversion='Ubuntu 11.4.0-1ubuntu1~22.04' --with-bugurl=file:///usr/share/doc/gcc-11/README.Bugs --enable-languages=c,ada,c++,go,brig,d,fortran,objc,obj-c++,m2 --prefix=/usr --with-gcc-major-version-only --program-suffix=-11 --program-prefix=x86_64-linux-gnu- --enable-shared --enable-linker-build-id --libexecdir=/usr/lib --without-included-gettext --enable-threads=posix --libdir=/usr/lib --enable-nls --enable-bootstrap --enable-clocale=gnu --enable-libstdcxx-debug --enable-libstdcxx-time=yes --with-default-libstdcxx-abi=new --enable-gnu-unique-object --disable-vtable-verify --enable-plugin --enable-default-pie --with-system-zlib --enable-libphobos-checking=release --with-target-system-zlib=auto --enable-objc-gc=auto --enable-multiarch --disable-werror --enable-cet --with-arch-32=i686 --with-abi=m64 --with-multilib-list=m32,m64,mx32 --enable-multilib --with-tune=generic --enable-offload-targets=nvptx-none=/build/gcc-11-XeT9lY/gcc-11-11.4.0/debian/tmp-nvptx/usr,amdgcn-amdhsa=/build/gcc-11-XeT9lY/gcc-11-11.4.0/debian/tmp-gcn/usr --without-cuda-driver --enable-checking=release --build=x86_64-linux-gnu --host=x86_64-linux-gnu --target=x86_64-linux-gnu --with-build-config=bootstrap-lto-lean --enable-link-serialization=2
Thread model: posix
Supported LTO compression algorithms: zlib zstd
gcc version 11.4.0 (Ubuntu 11.4.0-1ubuntu1~22.04) 
... rest of stderr output deleted ...
configure:4431: $? = 0
configure:4420: gcc -V >&5
gcc: error: unrecognized command-line option '-V'
gcc: fatal error: no input files
compilation terminated.
configure:4431: $? = 1
configure:4420: gcc -qversion >&5
gcc: error: unrecognized command-line option '-qversion'; did you mean '--version'?
gcc: fatal error: no input files
compilation terminated.
configure:4431: $? = 1
configure:4451: checking whether the C compiler works
configure:4473: gcc    conftest.c  >&5
configure:4477: $? = 0
configure:4525: result: yes
configure:4528: checking for C compiler default output file name
configure:4530: result: a.out
configure:4536: checking for suffix of executables
configure:4543: gcc -o conftest    conftest.c  >&5
configure:4547: $? = 0
configure:4569: result: 
configure:4591: checking whether we are cross compiling
configure:4599: gcc -o conftest    conftest.c  >&5
configure:4603: $? = 0
configure:4610: ./conftest
configure:4614: $? = 0
configure:4629: result: no
configure:4634: checking for suffix of object files
configure:4656: gcc -c   conftest.c >&5
configure:4660: $? = 0
configure:4681: result: o
configure:4685: checking whether we are using the GNU C compiler
configure:4704: gcc -c   conftest.c >&5
configure:4704: $? = 0
configure:4713: result: yes
configure:4722: checking whether gcc accepts -g
configure:4742: gcc -c -g  conftest.c >&5
configure:4742: $? = 0
configure:4783: result: yes
configure:4800: checking for gcc option to accept ISO C89
configure:4863: gcc  -c -g -O2  conftest.c >&5
configure:4863: $? = 0
configure:4876: result: none needed
configure:4954: checking for g++
configure:4970: found /usr/bin/g++
configure:4981: result: g++
configure:5008: checking for C++ compiler version
configure:5017: g++ --version >&5
g++ (Ubuntu 11.4.0-1ubuntu1~22.04) 11.4.0
Copyright (C) 2021 Free Software Foundation, Inc.
This is free software; see the source for copying conditions.  There is NO
warranty; not even for MERCHANTABILITY or FITNESS FOR A PARTICULAR PURPOSE.

configure:5028: $? = 0
configure:5017: g++ -v >&5
Using built-in specs.
COLLECT_GCC=g++
COLLECT_LTO_WRAPPER=/usr/lib/gcc/x86_64-linux-gnu/11/lto-wrapper
OFFLOAD_TARGET_NAMES=nvptx-none:amdgcn-amdhsa
OFFLOAD_TARGET_DEFAULT=1
Target: x86_64-linux-gnu
Configured with: ../src/configure -v --with-pkgversion='Ubuntu 11.4.0-1ubuntu1~22.04' --with-bugurl=file:///usr/share/doc/gcc-11/README.Bugs --enable-languages=c,ada,c++,go,brig,d,fortran,objc,obj-c++,m2 --prefix=/usr --with-gcc-major-version-only --program-suffix=-11 --program-prefix=x86_64-linux-gnu- --enable-shared --enable-linker-build-id --libexecdir=/usr/lib --without-included-gettext --enable-threads=posix --libdir=/usr/lib --enable-nls --enable-bootstrap --enable-clocale=gnu --enable-libstdcxx-debug --enable-libstdcxx-time=yes --with-default-libstdcxx-abi=new --enable-gnu-unique-object --disable-vtable-verify --enable-plugin --enable-default-pie --with-system-zlib --enable-libphobos-checking=release --with-target-system-zlib=auto --enable-objc-gc=auto --enable-multiarch --disable-werror --enable-cet --with-arch-32=i686 --with-abi=m64 --with-multilib-list=m32,m64,mx32 --enable-multilib --with-tune=generic --enable-offload-targets=nvptx-none=/build/gcc-11-XeT9lY/gcc-11-11.4.0/debian/tmp-nvptx/usr,amdgcn-amdhsa=/build/gcc-11-XeT9lY/gcc-11-11.4.0/debian/tmp-gcn/usr --without-cuda-driver --enable-checking=release --build=x86_64-linux-gnu --host=x86_64-linux-gnu --target=x86_64-linux-gnu --with-build-config=bootstrap-lto-lean --enable-link-serialization=2
Thread model: posix
Supported LTO compression algorithms: zlib zstd
gcc version 11.4.0 (Ubuntu 11.4.0-1ubuntu1~22.04) 
... rest of stderr output deleted ...
configure:5028: $? = 0
configure:5017: g++ -V >&5
g++: error: unrecognized command-line option '-V'
g++: fatal error: no input files
compilation terminated.
configure:5028: $? = 1
configure:5017: g++ -qversion >&5
g++: error: unrecognized command-line option '-qversion'; did you mean '--version'?
g++: fatal error: no input files
compilation terminated.
configure:5028: $? = 1
configure:5032: checking whether we are using the GNU C++ compiler
configure:5051: g++ -c   conftest.cpp >&5
configure:5051: $? = 0
configure:5060: result: yes
configure:5069: checking whether g++ accepts -g
configure:5089: g++ -c -g  conftest.cpp >&5
configure:5089: $? = 0
configure:5130: result: yes
configure:5179: checking whether g++ accepts -static-libstdc++ -static-libgcc
configure:5196: g++ -o conftest -g -O2   -static-libstdc++ -static-libgcc conftest.cpp  >&5
configure:5196: $? = 0
configure:5197: result: yes
configure:5261: checking for gnatbind
configure:5291: result: no
configure:5353: checking for gnatmake
configure:5383: result: no
configure:5402: checking whether compiler driver understands Ada
configure:5425: result: no
configure:5434: checking how to compare bootstrapped objects
configure:5459: result: cmp --ignore-initial=16 $$f1 $$f2
configure:5519: checking for objdir
configure:5534: result: .libs
configure:6078: checking for isl 0.16, 0.15, or deprecated 0.14
configure:6091: gcc -o conftest -g -O2      -lisl -lmpc -lmpfr -lgmp conftest.c  -lisl -lgmp >&5
conftest.c:10:10: fatal error: isl/ctx.h: No such file or directory
   10 | #include <isl/ctx.h>
      |          ^~~~~~~~~~~
compilation terminated.
configure:6091: $? = 1
configure: failed program was:
| /* confdefs.h */
| #define PACKAGE_NAME ""
| #define PACKAGE_TARNAME ""
| #define PACKAGE_VERSION ""
| #define PACKAGE_STRING ""
| #define PACKAGE_BUGREPORT ""
| #define PACKAGE_URL ""
| #define LT_OBJDIR ".libs/"
| /* end confdefs.h.  */
| #include <isl/ctx.h>
| int
| main ()
| {
| isl_ctx_get_max_operations (isl_ctx_alloc ());
|   ;
|   return 0;
| }
configure:6098: result: no
configure:6102: result: recommended isl version is 0.16 or 0.15, the minimum required isl version 0.14 is deprecated
configure:6106: checking for isl 0.16 or 0.15
configure:6119: gcc -o conftest -g -O2      -lisl -lmpc -lmpfr -lgmp conftest.c  -lisl -lgmp >&5
conftest.c:10:10: fatal error: isl/schedule.h: No such file or directory
   10 | #include <isl/schedule.h>
      |          ^~~~~~~~~~~~~~~~
compilation terminated.
configure:6119: $? = 1
configure: failed program was:
| /* confdefs.h */
| #define PACKAGE_NAME ""
| #define PACKAGE_TARNAME ""
| #define PACKAGE_VERSION ""
| #define PACKAGE_STRING ""
| #define PACKAGE_BUGREPORT ""
| #define PACKAGE_URL ""
| #define LT_OBJDIR ".libs/"
| /* end confdefs.h.  */
| #include <isl/schedule.h>
| int
| main ()
| {
| isl_options_set_schedule_serialize_sccs (NULL, 0);
|   ;
|   return 0;
| }
configure:6126: result: no
configure:7130: checking for default BUILD_CONFIG
configure:7162: result: 
configure:7167: checking for --enable-vtable-verify
configure:7180: result: no
configure:7786: checking for bison
configure:7802: found /usr/bin/bison
configure:7813: result: bison -y
configure:7833: checking for bison
configure:7849: found /usr/bin/bison
configure:7860: result: bison
configure:7880: checking for gm4
configure:7910: result: no
configure:7880: checking for gnum4
configure:7910: result: no
configure:7880: checking for m4
configure:7896: found /usr/bin/m4
configure:7907: result: m4
configure:7927: checking for flex
configure:7943: found /usr/bin/flex
configure:7954: result: flex
configure:7975: checking for flex
configure:7991: found /usr/bin/flex
configure:8002: result: flex
configure:8022: checking for makeinfo
configure:8038: found /usr/bin/makeinfo
configure:8049: result: makeinfo
configure:8083: checking for expect
configure:8113: result: no
configure:8132: checking for runtest
configure:8162: result: no
configure:8277: checking for ar
configure:8293: found /usr/bin/ar
configure:8304: result: ar
configure:8418: checking for as
configure:8434: found /usr/bin/as
configure:8445: result: as
configure:8559: checking for dlltool
configure:8589: result: no
configure:8700: checking for ld
configure:8716: found /usr/bin/ld
configure:8727: result: ld
configure:8841: checking for lipo
configure:8871: result: no
configure:8982: checking for nm
configure:8998: found /usr/bin/nm
configure:9009: result: nm
configure:9123: checking for ranlib
configure:9139: found /usr/bin/ranlib
configure:9150: result: ranlib
configure:9259: checking for strip
configure:9275: found /usr/bin/strip
configure:9286: result: strip
configure:9395: checking for windres
configure:9425: result: no
configure:9536: checking for windmc
configure:9566: result: no
configure:9677: checking for objcopy
configure:9693: found /usr/bin/objcopy
configure:9704: result: objcopy
configure:9818: checking for objdump
configure:9834: found /usr/bin/objdump
configure:9845: result: objdump
configure:9959: checking for readelf
configure:9975: found /usr/bin/readelf
configure:9986: result: readelf
configure:10012: checking for -plugin option
configure:10132: result: --plugin /usr/lib/gcc/x86_64-linux-gnu/11/liblto_plugin.so
configure:10240: checking for riscv64-unknown-elf-cc
configure:10270: result: no
configure:10240: checking for riscv64-unknown-elf-gcc
configure:10256: found /home/ns3/gcc/gcc13/bin/riscv64-unknown-elf-gcc
configure:10267: result: riscv64-unknown-elf-gcc
configure:10401: checking for riscv64-unknown-elf-c++
configure:10417: found /home/ns3/gcc/gcc13/bin/riscv64-unknown-elf-c++
configure:10428: result: riscv64-unknown-elf-c++
configure:10562: checking for riscv64-unknown-elf-gcc
configure:10578: found /home/ns3/gcc/gcc13/bin/riscv64-unknown-elf-gcc
configure:10589: result: riscv64-unknown-elf-gcc
configure:10718: checking for riscv64-unknown-elf-gcj
configure:10748: result: no
configure:10879: checking for riscv64-unknown-elf-gfortran
configure:10909: result: no
configure:11040: checking for riscv64-unknown-elf-gccgo
configure:11070: result: no
configure:11281: checking for riscv64-unknown-elf-ar
configure:11297: found /home/ns3/gcc/gcc13/bin/riscv64-unknown-elf-ar
configure:11308: result: riscv64-unknown-elf-ar
configure:11511: checking for riscv64-unknown-elf-as
configure:11527: found /home/ns3/gcc/gcc13/bin/riscv64-unknown-elf-as
configure:11538: result: riscv64-unknown-elf-as
configure:11741: checking for riscv64-unknown-elf-dlltool
configure:11771: result: no
configure:11971: checking for riscv64-unknown-elf-ld
configure:11987: found /home/ns3/gcc/gcc13/bin/riscv64-unknown-elf-ld
configure:11998: result: riscv64-unknown-elf-ld
configure:12201: checking for riscv64-unknown-elf-lipo
configure:12231: result: no
configure:12431: checking for riscv64-unknown-elf-nm
configure:12447: found /home/ns3/gcc/gcc13/bin/riscv64-unknown-elf-nm
configure:12458: result: riscv64-unknown-elf-nm
configure:12661: checking for riscv64-unknown-elf-objcopy
configure:12677: found /home/ns3/gcc/gcc13/bin/riscv64-unknown-elf-objcopy
configure:12688: result: riscv64-unknown-elf-objcopy
configure:12891: checking for riscv64-unknown-elf-objdump
configure:12907: found /home/ns3/gcc/gcc13/bin/riscv64-unknown-elf-objdump
configure:12918: result: riscv64-unknown-elf-objdump
configure:13121: checking for riscv64-unknown-elf-ranlib
configure:13137: found /home/ns3/gcc/gcc13/bin/riscv64-unknown-elf-ranlib
configure:13148: result: riscv64-unknown-elf-ranlib
configure:13351: checking for riscv64-unknown-elf-readelf
configure:13367: found /home/ns3/gcc/gcc13/bin/riscv64-unknown-elf-readelf
configure:13378: result: riscv64-unknown-elf-readelf
configure:13581: checking for riscv64-unknown-elf-strip
configure:13597: found /home/ns3/gcc/gcc13/bin/riscv64-unknown-elf-strip
configure:13608: result: riscv64-unknown-elf-strip
configure:13811: checking for riscv64-unknown-elf-windres
configure:13841: result: no
configure:14041: checking for riscv64-unknown-elf-windmc
configure:14071: result: no
configure:14138: checking where to find the target ar
configure:14175: result: pre-installed
configure:14180: checking where to find the target as
configure:14217: result: pre-installed
configure:14222: checking where to find the target cc
configure:14259: result: pre-installed
configure:14264: checking where to find the target c++
configure:14304: result: pre-installed
configure:14309: checking where to find the target c++ for libstdc++
configure:14349: result: pre-installed
configure:14354: checking where to find the target dlltool
configure:14391: result: pre-installed
configure:14396: checking where to find the target gcc
configure:14433: result: pre-installed
configure:14438: checking where to find the target gcj
configure:14478: result: pre-installed
configure:14483: checking where to find the target gfortran
configure:14523: result: pre-installed
configure:14528: checking where to find the target gccgo
configure:14568: result: pre-installed
configure:14573: checking where to find the target ld
configure:14610: result: pre-installed
configure:14615: checking where to find the target lipo
configure:14641: result: pre-installed
configure:14646: checking where to find the target nm
configure:14683: result: pre-installed
configure:14688: checking where to find the target objcopy
configure:14725: result: pre-installed
configure:14730: checking where to find the target objdump
configure:14767: result: pre-installed
configure:14772: checking where to find the target ranlib
configure:14809: result: pre-installed
configure:14814: checking where to find the target readelf
configure:14851: result: pre-installed
configure:14856: checking where to find the target strip
configure:14893: result: pre-installed
configure:14898: checking where to find the target windres
configure:14935: result: pre-installed
configure:14940: checking where to find the target windmc
configure:14977: result: pre-installed
configure:15010: checking whether to enable maintainer-specific portions of Makefiles
configure:15019: result: no
configure:15281: creating ./config.status

## ---------------------- ##
## Running config.status. ##
## ---------------------- ##

This file was extended by config.status, which was
generated by GNU Autoconf 2.69.  Invocation command line was

  CONFIG_FILES    = 
  CONFIG_HEADERS  = 
  CONFIG_LINKS    = 
  CONFIG_COMMANDS = 
  $ ./config.status 

on ns3-VirtualBox

config.status:936: creating Makefile

## ---------------- ##
## Cache variables. ##
## ---------------- ##

ac_cv_build=x86_64-pc-linux-gnu
ac_cv_c_compiler_gnu=yes
ac_cv_cxx_compiler_gnu=yes
ac_cv_env_AR_FOR_TARGET_set=
ac_cv_env_AR_FOR_TARGET_value=
ac_cv_env_AR_set=
ac_cv_env_AR_value=
ac_cv_env_AS_FOR_TARGET_set=
ac_cv_env_AS_FOR_TARGET_value=
ac_cv_env_AS_set=
ac_cv_env_AS_value=
ac_cv_env_CCC_set=
ac_cv_env_CCC_value=
ac_cv_env_CC_FOR_TARGET_set=
ac_cv_env_CC_FOR_TARGET_value=
ac_cv_env_CC_set=
ac_cv_env_CC_value=
ac_cv_env_CFLAGS_set=
ac_cv_env_CFLAGS_value=
ac_cv_env_CPPFLAGS_set=
ac_cv_env_CPPFLAGS_value=
ac_cv_env_CXXFLAGS_set=
ac_cv_env_CXXFLAGS_value=
ac_cv_env_CXX_FOR_TARGET_set=
ac_cv_env_CXX_FOR_TARGET_value=
ac_cv_env_CXX_set=
ac_cv_env_CXX_value=
ac_cv_env_DLLTOOL_FOR_TARGET_set=
ac_cv_env_DLLTOOL_FOR_TARGET_value=
ac_cv_env_DLLTOOL_set=
ac_cv_env_DLLTOOL_value=
ac_cv_env_GCC_FOR_TARGET_set=
ac_cv_env_GCC_FOR_TARGET_value=
ac_cv_env_GCJ_FOR_TARGET_set=
ac_cv_env_GCJ_FOR_TARGET_value=
ac_cv_env_GFORTRAN_FOR_TARGET_set=
ac_cv_env_GFORTRAN_FOR_TARGET_value=
ac_cv_env_GOC_FOR_TARGET_set=
ac_cv_env_GOC_FOR_TARGET_value=
ac_cv_env_LDFLAGS_set=
ac_cv_env_LDFLAGS_value=
ac_cv_env_LD_FOR_TARGET_set=
ac_cv_env_LD_FOR_TARGET_value=
ac_cv_env_LD_set=
ac_cv_env_LD_value=
ac_cv_env_LIBS_set=
ac_cv_env_LIBS_value=
ac_cv_env_LIPO_FOR_TARGET_set=
ac_cv_env_LIPO_FOR_TARGET_value=
ac_cv_env_LIPO_set=
ac_cv_env_LIPO_value=
ac_cv_env_NM_FOR_TARGET_set=
ac_cv_env_NM_FOR_TARGET_value=
ac_cv_env_NM_set=
ac_cv_env_NM_value=
ac_cv_env_OBJCOPY_FOR_TARGET_set=
ac_cv_env_OBJCOPY_FOR_TARGET_value=
ac_cv_env_OBJCOPY_set=
ac_cv_env_OBJCOPY_value=
ac_cv_env_OBJDUMP_FOR_TARGET_set=
ac_cv_env_OBJDUMP_FOR_TARGET_value=
ac_cv_env_OBJDUMP_set=
ac_cv_env_OBJDUMP_value=
ac_cv_env_RANLIB_FOR_TARGET_set=
ac_cv_env_RANLIB_FOR_TARGET_value=
ac_cv_env_RANLIB_set=
ac_cv_env_RANLIB_value=
ac_cv_env_READELF_FOR_TARGET_set=
ac_cv_env_READELF_FOR_TARGET_value=
ac_cv_env_READELF_set=
ac_cv_env_READELF_value=
ac_cv_env_STRIP_FOR_TARGET_set=
ac_cv_env_STRIP_FOR_TARGET_value=
ac_cv_env_STRIP_set=
ac_cv_env_STRIP_value=
ac_cv_env_WINDMC_FOR_TARGET_set=
ac_cv_env_WINDMC_FOR_TARGET_value=
ac_cv_env_WINDMC_set=
ac_cv_env_WINDMC_value=
ac_cv_env_WINDRES_FOR_TARGET_set=
ac_cv_env_WINDRES_FOR_TARGET_value=
ac_cv_env_WINDRES_set=
ac_cv_env_WINDRES_value=
ac_cv_env_build_alias_set=
ac_cv_env_build_alias_value=
ac_cv_env_build_configargs_set=
ac_cv_env_build_configargs_value=
ac_cv_env_host_alias_set=
ac_cv_env_host_alias_value=
ac_cv_env_host_configargs_set=
ac_cv_env_host_configargs_value=
ac_cv_env_target_alias_set=set
ac_cv_env_target_alias_value=riscv64-unknown-elf
ac_cv_env_target_configargs_set=
ac_cv_env_target_configargs_value=
ac_cv_host=x86_64-pc-linux-gnu
ac_cv_objext=o
ac_cv_path_SED=/usr/bin/sed
ac_cv_path_install='/usr/bin/install -c'
ac_cv_prog_AR=ar
ac_cv_prog_AR_FOR_TARGET=riscv64-unknown-elf-ar
ac_cv_prog_AS=as
ac_cv_prog_AS_FOR_TARGET=riscv64-unknown-elf-as
ac_cv_prog_AWK=/usr/bin/gawk
ac_cv_prog_BISON=bison
ac_cv_prog_CC_FOR_TARGET=riscv64-unknown-elf-gcc
ac_cv_prog_CXX_FOR_TARGET=riscv64-unknown-elf-c++
ac_cv_prog_FLEX=flex
ac_cv_prog_GCC_FOR_TARGET=riscv64-unknown-elf-gcc
ac_cv_prog_LD=ld
ac_cv_prog_LD_FOR_TARGET=riscv64-unknown-elf-ld
ac_cv_prog_LEX=flex
ac_cv_prog_M4=m4
ac_cv_prog_MAKEINFO=makeinfo
ac_cv_prog_NM=nm
ac_cv_prog_NM_FOR_TARGET=riscv64-unknown-elf-nm
ac_cv_prog_OBJCOPY=objcopy
ac_cv_prog_OBJCOPY_FOR_TARGET=riscv64-unknown-elf-objcopy
ac_cv_prog_OBJDUMP=objdump
ac_cv_prog_OBJDUMP_FOR_TARGET=riscv64-unknown-elf-objdump
ac_cv_prog_RANLIB=ranlib
ac_cv_prog_RANLIB_FOR_TARGET=riscv64-unknown-elf-ranlib
ac_cv_prog_READELF=readelf
ac_cv_prog_READELF_FOR_TARGET=riscv64-unknown-elf-readelf
ac_cv_prog_STRIP=strip
ac_cv_prog_STRIP_FOR_TARGET=riscv64-unknown-elf-strip
ac_cv_prog_YACC='bison -y'
ac_cv_prog_ac_ct_CC=gcc
ac_cv_prog_ac_ct_CXX=g++
ac_cv_prog_cc_c89=
ac_cv_prog_cc_g=yes
ac_cv_prog_cxx_g=yes
ac_cv_target=riscv64-unknown-elf
acx_cv_cc_gcc_supports_ada=no
acx_cv_prog_LN=ln
gcc_cv_isl=no
gcc_cv_prog_cmp_skip='cmp --ignore-initial=16 $$f1 $$f2'
gcc_cv_tool_dirs=
gcc_cv_tool_prefix=/home/ns3/gcc/riscv-gnu-toolchain/install-newlib-nano
lt_cv_objdir=.libs

## ----------------- ##
## Output variables. ##
## ----------------- ##

AR='ar'
AR_FOR_BUILD='$(AR)'
AR_FOR_TARGET='riscv64-unknown-elf-ar'
AR_PLUGIN_OPTION='--plugin /usr/lib/gcc/x86_64-linux-gnu/11/liblto_plugin.so'
AS='as'
AS_FOR_BUILD='$(AS)'
AS_FOR_TARGET='riscv64-unknown-elf-as'
AWK='/usr/bin/gawk'
BISON='bison'
BUILD_CONFIG=''
CC='gcc'
CC_FOR_BUILD='$(CC)'
CC_FOR_TARGET='riscv64-unknown-elf-gcc'
CFLAGS='-g -O2'
CFLAGS_FOR_BUILD='-g -O2'
CFLAGS_FOR_TARGET='-Os -ffunction-sections -fdata-sections    -mcmodel=medlow'
COMPILER_AS_FOR_TARGET='$(AS_FOR_TARGET)'
COMPILER_LD_FOR_TARGET='$(LD_FOR_TARGET)'
COMPILER_NM_FOR_TARGET='$(NM_FOR_TARGET)'
CONFIGURE_GDB_TK=''
CPPFLAGS=''
CXX='g++'
CXXFLAGS='-g -O2'
CXXFLAGS_FOR_BUILD='-g -O2'
CXXFLAGS_FOR_TARGET='-Os -ffunction-sections -fdata-sections    -mcmodel=medlow'
CXX_FOR_BUILD='$(CXX)'
CXX_FOR_TARGET='riscv64-unknown-elf-c++'
DEBUG_PREFIX_CFLAGS_FOR_TARGET=''
DEFS='-DPACKAGE_NAME=\"\" -DPACKAGE_TARNAME=\"\" -DPACKAGE_VERSION=\"\" -DPACKAGE_STRING=\"\" -DPACKAGE_BUGREPORT=\"\" -DPACKAGE_URL=\"\" -DLT_OBJDIR=\".libs/\"'
DLLTOOL='dlltool'
DLLTOOL_FOR_BUILD='$(DLLTOOL)'
DLLTOOL_FOR_TARGET='riscv64-unknown-elf-dlltool'
ECHO_C=''
ECHO_N='-n'
ECHO_T=''
EXEEXT=''
EXPECT='expect'
EXTRA_CONFIGARGS_LIBJAVA='--disable-static'
FLAGS_FOR_TARGET=' -B$$r/$(TARGET_SUBDIR)/newlib/ -isystem $$r/$(TARGET_SUBDIR)/newlib/targ-include -isystem $$s/newlib/libc/include -B$$r/$(TARGET_SUBDIR)/libgloss/riscv64 -L$$r/$(TARGET_SUBDIR)/libgloss/libnosys -L$$s/libgloss/riscv64'
FLEX='flex'
GCC_FOR_TARGET='riscv64-unknown-elf-gcc'
GCC_SHLIB_SUBDIR=''
GCJ_FOR_BUILD='$(GCJ)'
GCJ_FOR_TARGET='riscv64-unknown-elf-gcj'
GDB_TK=''
GFORTRAN_FOR_BUILD='$(GFORTRAN)'
GFORTRAN_FOR_TARGET='riscv64-unknown-elf-gfortran'
GNATBIND='no'
GNATMAKE='no'
GOC_FOR_BUILD='$(GOC)'
GOC_FOR_TARGET='riscv64-unknown-elf-gccgo'
INSTALL_DATA='${INSTALL} -m 644'
INSTALL_GDB_TK=''
INSTALL_PROGRAM='${INSTALL}'
INSTALL_SCRIPT='${INSTALL}'
LD='ld'
LDFLAGS=''
LDFLAGS_FOR_BUILD=''
LDFLAGS_FOR_TARGET=''
LD_FOR_BUILD='$(LD)'
LD_FOR_TARGET='riscv64-unknown-elf-ld'
LEX='flex'
LIBOBJS=''
LIBS=''
LIPO='lipo'
LIPO_FOR_TARGET='riscv64-unknown-elf-lipo'
LN='ln'
LN_S='ln -s'
LTLIBOBJS=''
M4='m4'
MAINT='#'
MAINTAINER_MODE_FALSE=''
MAINTAINER_MODE_TRUE='#'
MAKEINFO='makeinfo'
NM='nm'
NM_FOR_BUILD='$(NM)'
NM_FOR_TARGET='riscv64-unknown-elf-nm'
OBJCOPY='objcopy'
OBJCOPY_FOR_TARGET='riscv64-unknown-elf-objcopy'
OBJDUMP='objdump'
OBJDUMP_FOR_TARGET='riscv64-unknown-elf-objdump'
OBJEXT='o'
PACKAGE_BUGREPORT=''
PACKAGE_NAME=''
PACKAGE_STRING=''
PACKAGE_TARNAME=''
PACKAGE_URL=''
PACKAGE_VERSION=''
PATH_SEPARATOR=':'
RANLIB='ranlib'
RANLIB_FOR_BUILD='$(RANLIB)'
RANLIB_FOR_TARGET='riscv64-unknown-elf-ranlib'
RANLIB_PLUGIN_OPTION='--plugin /usr/lib/gcc/x86_64-linux-gnu/11/liblto_plugin.so'
RAW_CXX_FOR_TARGET='riscv64-unknown-elf-c++'
READELF='readelf'
READELF_FOR_TARGET='riscv64-unknown-elf-readelf'
RPATH_ENVVAR='LD_LIBRARY_PATH'
RUNTEST='runtest'
SED='/usr/bin/sed'
SHELL='/bin/bash'
STRIP='strip'
STRIP_FOR_TARGET='riscv64-unknown-elf-strip'
SYSROOT_CFLAGS_FOR_TARGET=''
TOPLEVEL_CONFIGURE_ARGUMENTS='/home/ns3/gcc/riscv-gnu-toolchain/newlib/configure --target=riscv64-unknown-elf --prefix=/home/ns3/gcc/riscv-gnu-toolchain/install-newlib-nano --enable-newlib-reent-small --disable-newlib-fvwrite-in-streamio --disable-newlib-fseek-optimization --disable-newlib-wide-orient --enable-newlib-nano-malloc --disable-newlib-unbuf-stream-opt --enable-lite-exit --enable-newlib-global-atexit --enable-newlib-nano-formatted-io --disable-newlib-supplied-syscalls --disable-nls '\''CFLAGS_FOR_TARGET=-Os -ffunction-sections -fdata-sections    -mcmodel=medlow'\'' '\''CXXFLAGS_FOR_TARGET=-Os -ffunction-sections -fdata-sections    -mcmodel=medlow'\'''
WINDMC='windmc'
WINDMC_FOR_BUILD='$(WINDMC)'
WINDMC_FOR_TARGET='riscv64-unknown-elf-windmc'
WINDRES='windres'
WINDRES_FOR_BUILD='$(WINDRES)'
WINDRES_FOR_TARGET='riscv64-unknown-elf-windres'
YACC='bison -y'
ac_ct_CC='gcc'
ac_ct_CXX='g++'
bindir='${exec_prefix}/bin'
build='x86_64-pc-linux-gnu'
build_alias=''
build_configargs=' --cache-file=./config.cache '\''--prefix=/home/ns3/gcc/riscv-gnu-toolchain/install-newlib-nano'\'' '\''--enable-newlib-reent-small'\'' '\''--disable-newlib-fvwrite-in-streamio'\'' '\''--disable-newlib-fseek-optimization'\'' '\''--disable-newlib-wide-orient'\'' '\''--enable-newlib-nano-malloc'\'' '\''--disable-newlib-unbuf-stream-opt'\'' '\''--enable-lite-exit'\'' '\''--enable-newlib-global-atexit'\'' '\''--enable-newlib-nano-formatted-io'\'' '\''--disable-newlib-supplied-syscalls'\'' '\''--disable-nls'\'' --program-transform-name='\''s&^&riscv64-unknown-elf-&'\'' --disable-option-checking'
build_configdirs=''
build_cpu='x86_64'
build_libsubdir='build-x86_64-pc-linux-gnu'
build_noncanonical='x86_64-pc-linux-gnu'
build_os='linux-gnu'
build_subdir='build-x86_64-pc-linux-gnu'
build_tooldir='${exec_prefix}/riscv64-unknown-elf'
build_vendor='pc'
compare_exclusions='gcc/cc*-checksum$(objext) | gcc/ada/*tools/*'
configdirs=' etc'
datadir='${datarootdir}'
datarootdir='${prefix}/share'
do_compare='cmp --ignore-initial=16 $$f1 $$f2'
docdir='${datarootdir}/doc/${PACKAGE}'
dvidir='${docdir}'
exec_prefix='${prefix}'
extra_host_libiberty_configure_flags=''
extra_host_zlib_configure_flags=''
extra_isl_gmp_configure_flags=''
extra_liboffloadmic_configure_flags=''
extra_linker_plugin_configure_flags=''
extra_linker_plugin_flags=''
extra_mpc_gmp_configure_flags=''
extra_mpc_mpfr_configure_flags=''
extra_mpfr_configure_flags=''
gmpinc=''
gmplibs='-lmpc -lmpfr -lgmp'
host='x86_64-pc-linux-gnu'
host_alias=''
host_configargs=' --cache-file=./config.cache  --with-system-zlib --with-newlib '\''--prefix=/home/ns3/gcc/riscv-gnu-toolchain/install-newlib-nano'\'' '\''--enable-newlib-reent-small'\'' '\''--disable-newlib-fvwrite-in-streamio'\'' '\''--disable-newlib-fseek-optimization'\'' '\''--disable-newlib-wide-orient'\'' '\''--enable-newlib-nano-malloc'\'' '\''--disable-newlib-unbuf-stream-opt'\'' '\''--enable-lite-exit'\'' '\''--enable-newlib-global-atexit'\'' '\''--enable-newlib-nano-formatted-io'\'' '\''--disable-newlib-supplied-syscalls'\'' '\''--disable-nls'\'' --program-transform-name='\''s&^&riscv64-unknown-elf-&'\'' --disable-option-checking'
host_cpu='x86_64'
host_noncanonical='x86_64-pc-linux-gnu'
host_os='linux-gnu'
host_shared='no'
host_subdir='.'
host_vendor='pc'
htmldir='${docdir}'
includedir='${prefix}/include'
infodir='${datarootdir}/info'
islinc=''
isllibs=''
islver=''
libdir='${exec_prefix}/lib'
libexecdir='${exec_prefix}/libexec'
localedir='${datarootdir}/locale'
localstatedir='${prefix}/var'
mandir='${datarootdir}/man'
oldincludedir='/usr/include'
pdfdir='${docdir}'
poststage1_ldflags='-static-libstdc++ -static-libgcc'
poststage1_libs=''
prefix='/home/ns3/gcc/riscv-gnu-toolchain/install-newlib-nano'
program_transform_name='s&^&riscv64-unknown-elf-&'
psdir='${docdir}'
sbindir='${exec_prefix}/sbin'
sharedstatedir='${prefix}/com'
stage1_cflags='-g'
stage1_checking='--enable-checking=yes,types'
stage1_languages=',c,'
stage1_ldflags='-static-libstdc++ -static-libgcc'
stage1_libs=''
stage2_werror_flag=''
sysconfdir='${prefix}/etc'
target='riscv64-unknown-elf'
target_alias='riscv64-unknown-elf'
target_configargs='--cache-file=./config.cache --with-newlib --enable-multilib --with-cross-host=x86_64-pc-linux-gnu   '\''--prefix=/home/ns3/gcc/riscv-gnu-toolchain/install-newlib-nano'\'' '\''--enable-newlib-reent-small'\'' '\''--disable-newlib-fvwrite-in-streamio'\'' '\''--disable-newlib-fseek-optimization'\'' '\''--disable-newlib-wide-orient'\'' '\''--enable-newlib-nano-malloc'\'' '\''--disable-newlib-unbuf-stream-opt'\'' '\''--enable-lite-exit'\'' '\''--enable-newlib-global-atexit'\'' '\''--enable-newlib-nano-formatted-io'\'' '\''--disable-newlib-supplied-syscalls'\'' '\''--disable-nls'\'' --program-transform-name='\''s&^&riscv64-unknown-elf-&'\'' --disable-option-checking'
target_configdirs='libgloss newlib'
target_cpu='riscv64'
target_noncanonical='riscv64-unknown-elf'
target_os='elf'
target_subdir='riscv64-unknown-elf'
target_vendor='unknown'
tooldir='${exec_prefix}/riscv64-unknown-elf'

## ------------------- ##
## File substitutions. ##
## ------------------- ##

alphaieee_frag='/dev/null'
host_makefile_frag='/dev/null'
ospace_frag='/dev/null'
serialization_dependencies='serdep.tmp'
target_makefile_frag='/dev/null'

## ----------- ##
## confdefs.h. ##
## ----------- ##

/* confdefs.h */
#define PACKAGE_NAME ""
#define PACKAGE_TARNAME ""
#define PACKAGE_VERSION ""
#define PACKAGE_STRING ""
#define PACKAGE_BUGREPORT ""
#define PACKAGE_URL ""
#define LT_OBJDIR ".libs/"

configure: exit 0
